================================================================================================================
  Date       | Time     | Logs
================================================================================================================
  05-08-2020 | 08:00    | Database Updated
----------------------------------------------------------------------------------------------------------------
  06-08-2020 | 04:30    | Database Updated
----------------------------------------------------------------------------------------------------------------
  07-08-2020 | 04:30    | Database Updated
----------------------------------------------------------------------------------------------------------------
  08-08-2020 | 04:30    | Database Updated
----------------------------------------------------------------------------------------------------------------
  09-08-2020 | 04:30    | Database Updated
----------------------------------------------------------------------------------------------------------------
  11-08-2020 | 04:30    | Failed with Error: Message: 'chromedriver' executable needs to be in PATH. Please see https://sites.google.com/a/chromium.org/chromedriver/home

----------------------------------------------------------------------------------------------------------------
  11-08-2020 | 04:30    | Failed with Error: Message: 'chromedriver' executable needs to be in PATH. Please see https://sites.google.com/a/chromium.org/chromedriver/home

----------------------------------------------------------------------------------------------------------------
  12-08-2020 | 04:30    | Database Updated
----------------------------------------------------------------------------------------------------------------
  13-08-2020 | 04:30    | Database Updated
----------------------------------------------------------------------------------------------------------------
  14-08-2020 | 04:30    | Database Updated
----------------------------------------------------------------------------------------------------------------
  15-08-2020 | 04:30    | Database Updated
----------------------------------------------------------------------------------------------------------------
  16-08-2020 | 04:30    | Database Updated
----------------------------------------------------------------------------------------------------------------
  17-08-2020 | 04:30    | Database Updated
----------------------------------------------------------------------------------------------------------------
  18-08-2020 | 04:30    | Database Updated
----------------------------------------------------------------------------------------------------------------
  19-08-2020 | 04:30    | Database Updated
----------------------------------------------------------------------------------------------------------------
  20-08-2020 | 04:30    | Database Updated
----------------------------------------------------------------------------------------------------------------
  21-08-2020 | 04:30    | Database Updated
----------------------------------------------------------------------------------------------------------------
  22-08-2020 | 04:30    | Database Updated
----------------------------------------------------------------------------------------------------------------
  23-08-2020 | 04:30    | Database Updated
----------------------------------------------------------------------------------------------------------------
  24-08-2020 | 04:30    | Database Updated
----------------------------------------------------------------------------------------------------------------
  25-08-2020 | 04:30    | Database Updated
----------------------------------------------------------------------------------------------------------------
  26-08-2020 | 04:30    | Database Updated
----------------------------------------------------------------------------------------------------------------
  27-08-2020 | 04:30    | Database Updated
----------------------------------------------------------------------------------------------------------------
  28-08-2020 | 04:30    | Database Updated
----------------------------------------------------------------------------------------------------------------
  29-08-2020 | 04:30    | Database Updated
----------------------------------------------------------------------------------------------------------------
  30-08-2020 | 04:30    | Database Updated
----------------------------------------------------------------------------------------------------------------
  31-08-2020 | 04:30    | Database Updated
----------------------------------------------------------------------------------------------------------------
  01-09-2020 | 04:30    | Database Updated
----------------------------------------------------------------------------------------------------------------
  02-09-2020 | 04:30    | Database Updated
----------------------------------------------------------------------------------------------------------------
  03-09-2020 | 04:30    | Database Updated
----------------------------------------------------------------------------------------------------------------
  04-09-2020 | 04:30    | Database Updated
----------------------------------------------------------------------------------------------------------------
  05-09-2020 | 04:30    | Database Updated
----------------------------------------------------------------------------------------------------------------
  06-09-2020 | 04:30    | Database Updated
----------------------------------------------------------------------------------------------------------------
  07-09-2020 | 04:30    | Failed with Error: Message: 'C:\Users\Tejas\Downloads\chromedriver_win32\chromedriver.exe' executable needs to be in PATH. Please see https://sites.google.com/a/chromium.org/chromedriver/home

----------------------------------------------------------------------------------------------------------------
  07-09-2020 | 04:30    | Failed with Error: Message: 'C:\Users\Tejas\Downloads\chromedriver_win32\chromedriver.exe' executable needs to be in PATH. Please see https://sites.google.com/a/chromium.org/chromedriver/home

----------------------------------------------------------------------------------------------------------------
  08-09-2020 | 04:30    | Failed with Error: Message: 'C:\Users\Tejas\Downloads\chromedriver_win32\chromedriver.exe' executable needs to be in PATH. Please see https://sites.google.com/a/chromium.org/chromedriver/home

----------------------------------------------------------------------------------------------------------------
  08-09-2020 | 04:30    | Failed with Error: Message: 'C:\Users\Tejas\Downloads\chromedriver_win32\chromedriver.exe' executable needs to be in PATH. Please see https://sites.google.com/a/chromium.org/chromedriver/home

----------------------------------------------------------------------------------------------------------------
  09-09-2020 | 04:30    | Failed with Error: Message: 'C:\Users\Tejas\Downloads\chromedriver_win32\chromedriver.exe' executable needs to be in PATH. Please see https://sites.google.com/a/chromium.org/chromedriver/home

----------------------------------------------------------------------------------------------------------------
  09-09-2020 | 04:30    | Failed with Error: Message: 'C:\Users\Tejas\Downloads\chromedriver_win32\chromedriver.exe' executable needs to be in PATH. Please see https://sites.google.com/a/chromium.org/chromedriver/home

----------------------------------------------------------------------------------------------------------------
  10-09-2020 | 04:30    | Failed with Error: Message: 'C:\Users\Tejas\Downloads\chromedriver_win32\chromedriver.exe' executable needs to be in PATH. Please see https://sites.google.com/a/chromium.org/chromedriver/home

----------------------------------------------------------------------------------------------------------------
  10-09-2020 | 04:30    | Failed with Error: Message: 'C:\Users\Tejas\Downloads\chromedriver_win32\chromedriver.exe' executable needs to be in PATH. Please see https://sites.google.com/a/chromium.org/chromedriver/home

----------------------------------------------------------------------------------------------------------------
  11-09-2020 | 04:30    | Failed with Error: Message: 'C:\Users\Tejas\Downloads\chromedriver_win32\chromedriver.exe' executable needs to be in PATH. Please see https://sites.google.com/a/chromium.org/chromedriver/home

----------------------------------------------------------------------------------------------------------------
  11-09-2020 | 04:30    | Failed with Error: Message: 'C:\Users\Tejas\Downloads\chromedriver_win32\chromedriver.exe' executable needs to be in PATH. Please see https://sites.google.com/a/chromium.org/chromedriver/home

----------------------------------------------------------------------------------------------------------------
  12-09-2020 | 04:30    | Failed with Error: Message: 'C:\Users\Tejas\Downloads\chromedriver_win32\chromedriver.exe' executable needs to be in PATH. Please see https://sites.google.com/a/chromium.org/chromedriver/home

----------------------------------------------------------------------------------------------------------------
  12-09-2020 | 04:30    | Failed with Error: Message: 'C:\Users\Tejas\Downloads\chromedriver_win32\chromedriver.exe' executable needs to be in PATH. Please see https://sites.google.com/a/chromium.org/chromedriver/home

----------------------------------------------------------------------------------------------------------------
  13-09-2020 | 04:30    | Failed with Error: Message: 'C:\Users\Tejas\Downloads\chromedriver_win32\chromedriver.exe' executable needs to be in PATH. Please see https://sites.google.com/a/chromium.org/chromedriver/home

----------------------------------------------------------------------------------------------------------------
  13-09-2020 | 04:30    | Failed with Error: Message: 'C:\Users\Tejas\Downloads\chromedriver_win32\chromedriver.exe' executable needs to be in PATH. Please see https://sites.google.com/a/chromium.org/chromedriver/home

----------------------------------------------------------------------------------------------------------------
  14-09-2020 | 04:30    | Failed with Error: Message: 'C:\Users\Tejas\Downloads\chromedriver_win32\chromedriver.exe' executable needs to be in PATH. Please see https://sites.google.com/a/chromium.org/chromedriver/home

----------------------------------------------------------------------------------------------------------------
  14-09-2020 | 04:30    | Failed with Error: Message: 'C:\Users\Tejas\Downloads\chromedriver_win32\chromedriver.exe' executable needs to be in PATH. Please see https://sites.google.com/a/chromium.org/chromedriver/home

----------------------------------------------------------------------------------------------------------------
  15-09-2020 | 04:30    | Failed with Error: Message: 'C:\Users\Tejas\Downloads\chromedriver_win32\chromedriver.exe' executable needs to be in PATH. Please see https://sites.google.com/a/chromium.org/chromedriver/home

----------------------------------------------------------------------------------------------------------------
  15-09-2020 | 04:30    | Failed with Error: Message: 'C:\Users\Tejas\Downloads\chromedriver_win32\chromedriver.exe' executable needs to be in PATH. Please see https://sites.google.com/a/chromium.org/chromedriver/home

----------------------------------------------------------------------------------------------------------------
  16-09-2020 | 04:30    | Failed with Error: Message: 'C:\Users\Tejas\Downloads\chromedriver_win32\chromedriver.exe' executable needs to be in PATH. Please see https://sites.google.com/a/chromium.org/chromedriver/home

----------------------------------------------------------------------------------------------------------------
  16-09-2020 | 04:30    | Failed with Error: Message: 'C:\Users\Tejas\Downloads\chromedriver_win32\chromedriver.exe' executable needs to be in PATH. Please see https://sites.google.com/a/chromium.org/chromedriver/home

----------------------------------------------------------------------------------------------------------------
  17-09-2020 | 04:30    | Failed with Error: Message: 'C:\Users\Tejas\Downloads\chromedriver_win32\chromedriver.exe' executable needs to be in PATH. Please see https://sites.google.com/a/chromium.org/chromedriver/home

----------------------------------------------------------------------------------------------------------------
  17-09-2020 | 04:30    | Failed with Error: Message: 'C:\Users\Tejas\Downloads\chromedriver_win32\chromedriver.exe' executable needs to be in PATH. Please see https://sites.google.com/a/chromium.org/chromedriver/home

----------------------------------------------------------------------------------------------------------------
  18-09-2020 | 04:30    | Failed with Error: Message: 'C:\Users\Tejas\Downloads\chromedriver_win32\chromedriver.exe' executable needs to be in PATH. Please see https://sites.google.com/a/chromium.org/chromedriver/home

----------------------------------------------------------------------------------------------------------------
  18-09-2020 | 04:30    | Failed with Error: Message: 'C:\Users\Tejas\Downloads\chromedriver_win32\chromedriver.exe' executable needs to be in PATH. Please see https://sites.google.com/a/chromium.org/chromedriver/home

----------------------------------------------------------------------------------------------------------------
  19-09-2020 | 04:30    | Failed with Error: Message: 'C:\Users\Tejas\Downloads\chromedriver_win32\chromedriver.exe' executable needs to be in PATH. Please see https://sites.google.com/a/chromium.org/chromedriver/home

----------------------------------------------------------------------------------------------------------------
  19-09-2020 | 04:30    | Failed with Error: Message: 'C:\Users\Tejas\Downloads\chromedriver_win32\chromedriver.exe' executable needs to be in PATH. Please see https://sites.google.com/a/chromium.org/chromedriver/home

----------------------------------------------------------------------------------------------------------------
  20-09-2020 | 04:30    | Failed with Error: Message: 'C:\Users\Tejas\Downloads\chromedriver_win32\chromedriver.exe' executable needs to be in PATH. Please see https://sites.google.com/a/chromium.org/chromedriver/home

----------------------------------------------------------------------------------------------------------------
  20-09-2020 | 04:30    | Failed with Error: Message: 'C:\Users\Tejas\Downloads\chromedriver_win32\chromedriver.exe' executable needs to be in PATH. Please see https://sites.google.com/a/chromium.org/chromedriver/home

----------------------------------------------------------------------------------------------------------------
  21-09-2020 | 04:30    | Failed with Error: Message: 'C:\Users\Tejas\Downloads\chromedriver_win32\chromedriver.exe' executable needs to be in PATH. Please see https://sites.google.com/a/chromium.org/chromedriver/home

----------------------------------------------------------------------------------------------------------------
  21-09-2020 | 04:30    | Failed with Error: Message: 'C:\Users\Tejas\Downloads\chromedriver_win32\chromedriver.exe' executable needs to be in PATH. Please see https://sites.google.com/a/chromium.org/chromedriver/home

----------------------------------------------------------------------------------------------------------------
  22-09-2020 | 04:30    | Failed with Error: Message: 'C:\Users\Tejas\Downloads\chromedriver_win32\chromedriver.exe' executable needs to be in PATH. Please see https://sites.google.com/a/chromium.org/chromedriver/home

----------------------------------------------------------------------------------------------------------------
  22-09-2020 | 04:30    | Failed with Error: Message: 'C:\Users\Tejas\Downloads\chromedriver_win32\chromedriver.exe' executable needs to be in PATH. Please see https://sites.google.com/a/chromium.org/chromedriver/home

----------------------------------------------------------------------------------------------------------------
  23-09-2020 | 04:30    | Failed with Error: Message: 'C:\Users\Tejas\Downloads\chromedriver_win32\chromedriver.exe' executable needs to be in PATH. Please see https://sites.google.com/a/chromium.org/chromedriver/home

----------------------------------------------------------------------------------------------------------------
  23-09-2020 | 04:30    | Failed with Error: Message: 'C:\Users\Tejas\Downloads\chromedriver_win32\chromedriver.exe' executable needs to be in PATH. Please see https://sites.google.com/a/chromium.org/chromedriver/home

----------------------------------------------------------------------------------------------------------------
  24-09-2020 | 04:30    | Failed with Error: Message: 'C:\Users\Tejas\Downloads\chromedriver_win32\chromedriver.exe' executable needs to be in PATH. Please see https://sites.google.com/a/chromium.org/chromedriver/home

----------------------------------------------------------------------------------------------------------------
  24-09-2020 | 04:30    | Failed with Error: Message: 'C:\Users\Tejas\Downloads\chromedriver_win32\chromedriver.exe' executable needs to be in PATH. Please see https://sites.google.com/a/chromium.org/chromedriver/home

----------------------------------------------------------------------------------------------------------------
  25-09-2020 | 04:30    | Failed with Error: Message: 'C:\Users\Tejas\Downloads\chromedriver_win32\chromedriver.exe' executable needs to be in PATH. Please see https://sites.google.com/a/chromium.org/chromedriver/home

----------------------------------------------------------------------------------------------------------------
  25-09-2020 | 04:30    | Failed with Error: Message: 'C:\Users\Tejas\Downloads\chromedriver_win32\chromedriver.exe' executable needs to be in PATH. Please see https://sites.google.com/a/chromium.org/chromedriver/home

----------------------------------------------------------------------------------------------------------------
  26-09-2020 | 04:30    | Failed with Error: Message: 'C:\Users\Tejas\Downloads\chromedriver_win32\chromedriver.exe' executable needs to be in PATH. Please see https://sites.google.com/a/chromium.org/chromedriver/home

----------------------------------------------------------------------------------------------------------------
  26-09-2020 | 04:30    | Failed with Error: Message: 'C:\Users\Tejas\Downloads\chromedriver_win32\chromedriver.exe' executable needs to be in PATH. Please see https://sites.google.com/a/chromium.org/chromedriver/home

----------------------------------------------------------------------------------------------------------------
  27-09-2020 | 04:30    | Failed with Error: Message: 'C:\Users\Tejas\Downloads\chromedriver_win32\chromedriver.exe' executable needs to be in PATH. Please see https://sites.google.com/a/chromium.org/chromedriver/home

----------------------------------------------------------------------------------------------------------------
  27-09-2020 | 04:30    | Failed with Error: Message: 'C:\Users\Tejas\Downloads\chromedriver_win32\chromedriver.exe' executable needs to be in PATH. Please see https://sites.google.com/a/chromium.org/chromedriver/home

----------------------------------------------------------------------------------------------------------------
  28-09-2020 | 04:30    | Failed with Error: Message: 'C:\Users\Tejas\Downloads\chromedriver_win32\chromedriver.exe' executable needs to be in PATH. Please see https://sites.google.com/a/chromium.org/chromedriver/home

----------------------------------------------------------------------------------------------------------------
  28-09-2020 | 04:30    | Failed with Error: Message: 'C:\Users\Tejas\Downloads\chromedriver_win32\chromedriver.exe' executable needs to be in PATH. Please see https://sites.google.com/a/chromium.org/chromedriver/home

----------------------------------------------------------------------------------------------------------------
  29-09-2020 | 04:30    | Database Updated
----------------------------------------------------------------------------------------------------------------
  30-09-2020 | 04:30    | Database Updated
----------------------------------------------------------------------------------------------------------------
  01-10-2020 | 04:30    | Database Updated
----------------------------------------------------------------------------------------------------------------
  02-10-2020 | 04:30    | Database Updated
----------------------------------------------------------------------------------------------------------------
  03-10-2020 | 04:30    | Database Updated
----------------------------------------------------------------------------------------------------------------
